<?xml version="1.0" encoding="UTF-8"?>
<!-- Generated by org.testng.reporters.JUnitReportReporter -->
<testsuite hostname="LAPTOP-T7PI7EN2" failures="0" tests="2" name="testcases.LoginTest" time="46.126" errors="0" timestamp="2024-09-16T13:41:58 IST" skipped="0">
  <testcase classname="testcases.LoginTest" name="validateuserid" time="21.780"/>
  <system-out/>
  <testcase classname="testcases.LoginTest" name="validatepassword" time="24.346"/>
  <system-out/>
</testsuite> <!-- testcases.LoginTest -->
